[2015.04.16 at 17:56:07]Process P3 running at: 10.157.135.1:3002
[2015.04.16 at 17:56:07][ P3 ACTION: ] listening...
[2015.04.16 at 17:56:08]Synching with: 10.157.135.1:3000
[2015.04.16 at 17:56:14][ Offering to BUFFER ][]
[2015.04.16 at 17:56:14][ Polling BUFFER ][muExclusion.RegistryCard@25f209f5]
[2015.04.16 at 17:56:14][ P3 ACTION: ] Registry Card received, processing...
[2015.04.16 at 17:56:14][ P3 ][2015.04.16 at 17:56:14] Process P1 added to work group
[2015.04.16 at 17:56:14]# of processes in the group: 2 waiting for: 3
[2015.04.16 at 17:56:19][ Offering to BUFFER ][]
[2015.04.16 at 17:56:19][ Polling BUFFER ][muExclusion.RegistryCard@2129fced]
[2015.04.16 at 17:56:19][ P3 ACTION: ] Registry Card received, processing...
[2015.04.16 at 17:56:19][ P3 ][2015.04.16 at 17:56:19] Process P2 added to work group
[2015.04.16 at 17:56:19]# of processes in the group: 3 waiting for: 3
[2015.04.16 at 17:56:19]# of processes quota reached: 3 stop waiting for processes
[2015.04.16 at 17:56:19]Ready to start: :D
[2015.04.16 at 17:56:22][ Offering to BUFFER ][]
[2015.04.16 at 17:56:24][ P3 ][ACTION] Need access to Critic Section, sending request...
[2015.04.16 at 17:56:24]Sending message: (process=P3, type=REQUEST, ACK status=false date: 1 id=P3:1) to 10.157.135.1:3000
[2015.04.16 at 17:56:25][ Offering to BUFFER ][muExclusion.RegistryCard@77407ab1]
[2015.04.16 at 17:56:25]Sending message: (process=P3, type=REQUEST, ACK status=false date: 1 id=P3:1) to 10.157.135.1:3001
[2015.04.16 at 17:56:25][ Polling BUFFER ][muExclusion.RegistryCard@77407ab1, (process=P1, type=ACK, ACK status=false date: 1 id=P3:1)]
[2015.04.16 at 17:56:25][ P3 ACTION: ] Registry Card received, processing...
[2015.04.16 at 17:56:25]# of processes quota reached: 3 stop waiting for processes
[2015.04.16 at 17:56:25]Ready to start: :D
[2015.04.16 at 17:56:26][ Offering to BUFFER ][(process=P1, type=ACK, ACK status=false date: 1 id=P3:1)]
[2015.04.16 at 17:56:29][ Polling BUFFER ][(process=P1, type=ACK, ACK status=false date: 1 id=P3:1), (process=P2, type=ACK, ACK status=false date: 1 id=P3:1)]
[2015.04.16 at 17:56:29][INFO: ] request received : (process=P1, type=ACK, ACK status=false date: 1 id=P3:1) in P3
[2015.04.16 at 17:56:29][P3 ACTION] ACK received from P1
[2015.04.16 at 17:56:30][ Offering to BUFFER ][(process=P2, type=ACK, ACK status=false date: 1 id=P3:1)]
[2015.04.16 at 17:56:30][ P3 ][ACTION] Need access to Critic Section, sending request...
[2015.04.16 at 17:56:30]Sending message: (process=P3, type=REQUEST, ACK status=false date: 3 id=P3:3) to 10.157.135.1:3000
[2015.04.16 at 17:56:31][ Offering to BUFFER ][(process=P2, type=ACK, ACK status=false date: 1 id=P3:1), (process=P2, type=REQUEST, ACK status=false date: 3 id=P2:3)]
[2015.04.16 at 17:56:31]Sending message: (process=P3, type=REQUEST, ACK status=false date: 3 id=P3:3) to 10.157.135.1:3001
[2015.04.16 at 17:56:33][ Polling BUFFER ][(process=P2, type=ACK, ACK status=false date: 1 id=P3:1), (process=P2, type=REQUEST, ACK status=false date: 3 id=P2:3), (process=P1, type=REQUEST, ACK status=false date: 10 id=P1:10)]
[2015.04.16 at 17:56:33][INFO: ] request received : (process=P2, type=ACK, ACK status=false date: 1 id=P3:1) in P3
[2015.04.16 at 17:56:33][P3 ACTION] ACK received from P2
[2015.04.16 at 17:56:36][ Polling BUFFER ][(process=P2, type=REQUEST, ACK status=false date: 3 id=P2:3), (process=P1, type=REQUEST, ACK status=false date: 10 id=P1:10)]
[2015.04.16 at 17:56:36][INFO: ] request received : (process=P2, type=REQUEST, ACK status=false date: 3 id=P2:3) in P3
[2015.04.16 at 17:56:36][P3 ACTION] REQUEST received from P2
[2015.04.16 at 17:56:36]Send ACK from P3 to P2((process=P2, type=REQUEST, ACK status=true date: 3 id=P2:3))
[2015.04.16 at 17:56:36]Sending message: (process=P3, type=ACK, ACK status=false date: 3 id=P2:3) to 10.157.135.1:3001
[2015.04.16 at 17:56:36][ Offering to BUFFER ][(process=P1, type=REQUEST, ACK status=false date: 10 id=P1:10)]
[2015.04.16 at 17:56:36][ Offering to BUFFER ][(process=P1, type=REQUEST, ACK status=false date: 10 id=P1:10), (process=P1, type=ACK, ACK status=false date: 3 id=P3:3)]
[2015.04.16 at 17:56:38][ Polling BUFFER ][(process=P1, type=REQUEST, ACK status=false date: 10 id=P1:10), (process=P1, type=ACK, ACK status=false date: 3 id=P3:3), (process=P2, type=ACK, ACK status=false date: 3 id=P3:3)]
[2015.04.16 at 17:56:38][INFO: ] request received : (process=P1, type=REQUEST, ACK status=false date: 10 id=P1:10) in P3
[2015.04.16 at 17:56:38][P3 ACTION] REQUEST received from P1
[2015.04.16 at 17:56:38]Send ACK from P3 to P1((process=P1, type=REQUEST, ACK status=true date: 10 id=P1:10))
[2015.04.16 at 17:56:38]Sending message: (process=P3, type=ACK, ACK status=false date: 10 id=P1:10) to 10.157.135.1:3000
[2015.04.16 at 17:56:41][ Polling BUFFER ][(process=P1, type=ACK, ACK status=false date: 3 id=P3:3), (process=P2, type=ACK, ACK status=false date: 3 id=P3:3)]
[2015.04.16 at 17:56:41][INFO: ] request received : (process=P1, type=ACK, ACK status=false date: 3 id=P3:3) in P3
[2015.04.16 at 17:56:41][P3 ACTION] ACK received from P1
[2015.04.16 at 17:56:44][ Polling BUFFER ][(process=P2, type=ACK, ACK status=false date: 3 id=P3:3)]
[2015.04.16 at 17:56:44][INFO: ] request received : (process=P2, type=ACK, ACK status=false date: 3 id=P3:3) in P3
[2015.04.16 at 17:56:44][P3 ACTION] ACK received from P2
